[www.tarjetas.cool/modelos/cumple/osito_aviador/index.html]
[cdn.jsdelivr.net/npm/bootstrap@5.1.3/dist/css/bootstrap.min.css]
[backblue.gif]
[fade.gif]
[index.html]
[cdn.jsdelivr.net/npm/bootstrap-icons@1.9.1/font/bootstrap-icons.css]
[www.tarjetas.cool/modelos/cumple/osito_aviador/css/styles8e5e.css]
[www.tarjetas.cool/cumple/osito_aviador/img/share/500x500.jpg]
[www.tarjetas.cool/modelos/cumple/osito_aviador/img/share/500x500.jpg]
[www.tarjetas.cool/favicon-32x32.png]
[www.tarjetas.cool/favicon-16x16.png]
[www.tarjetas.cool/modelos/cumple/osito_aviador/img/logo_animado.gif]
[www.tarjetas.cool/modelos/cumple/osito_aviador/img/1.png]
[www.tarjetas.cool/modelos/cumple/osito_aviador/img/foto1.jpg]
[www.tarjetas.cool/modelos/cumple/osito_aviador/sounds/audio.mp3]
[www.tarjetas.cool/modelos/cumple/osito_aviador/img/cinta.png]
[cdn.jsdelivr.net/npm/bootstrap@5.1.3/dist/js/bootstrap.bundle.min.js]
[www.tarjetas.cool/modelos/cumple/osito_aviador/js/cardfb74.js]
[www.tarjetas.cool/modelos/cumple/osito_aviador/index.html]
[cdn.jsdelivr.net/npm/bootstrap@5.1.3/dist/css/bootstrap.min.css]
[cdn.jsdelivr.net/npm/bootstrap-icons@1.9.1/font/fonts/bootstrap-iconsd862.woff2]
[cdn.jsdelivr.net/npm/bootstrap-icons@1.9.1/font/fonts/bootstrap-iconsd862.woff]
[cdn.jsdelivr.net/npm/bootstrap-icons@1.9.1/font/bootstrap-icons.css]
[www.tarjetas.cool/modelos/cumple/osito_aviador/fonts/akaDylan Plain.ttf]
[www.tarjetas.cool/modelos/cumple/osito_aviador/img/fondoppl54ca.jpg]
[www.tarjetas.cool/modelos/cumple/osito_aviador/img/fondo_tarjeta3860.jpg]
[www.tarjetas.cool/modelos/cumple/osito_aviador/img/fondo.jpg]
[www.tarjetas.cool/modelos/cumple/osito_aviador/css/styles8e5e.css]
[www.tarjetas.cool/cumple/osito_aviador/img/share/500x500.html]
[www.tarjetas.cool/modelos/cumple/osito_aviador/js/cardfb74.js]
